2023-12-17 14:33:59 - c.f.c.CheckfinancialApplicationTests - Starting CheckfinancialApplicationTests using Java 17.0.3.1 with PID 13562 (started by kalpa in /home/kalpa/Scrivania/Uni.DocumentiMiei/fabric/checkfinancial)
2023-12-17 14:33:59 - c.f.c.CheckfinancialApplicationTests - Running with Spring Boot v3.2.0, Spring v6.1.1
2023-12-17 14:33:59 - c.f.c.CheckfinancialApplicationTests - No active profile set, falling back to 1 default profile: "default"
2023-12-17 14:33:59 - o.s.w.c.s.GenericWebApplicationContext - Refreshing org.springframework.web.context.support.GenericWebApplicationContext@5aabbb29
2023-12-17 14:34:00 - o.s.w.s.m.m.a.RequestMappingHandlerMapping - 3 mappings in 'requestMappingHandlerMapping'
2023-12-17 14:34:00 - o.s.w.s.h.SimpleUrlHandlerMapping - Patterns [/webjars/**, /**] in 'resourceHandlerMapping'
2023-12-17 14:34:00 - o.s.w.s.m.m.a.RequestMappingHandlerAdapter - ControllerAdvice beans: 0 @ModelAttribute, 0 @InitBinder, 1 RequestBodyAdvice, 1 ResponseBodyAdvice
2023-12-17 14:34:00 - o.s.w.s.m.m.a.ExceptionHandlerExceptionResolver - ControllerAdvice beans: 0 @ExceptionHandler, 1 ResponseBodyAdvice
2023-12-17 14:34:00 - c.f.c.CheckfinancialApplicationTests - Started CheckfinancialApplicationTests in 2.117 seconds (process running for 2.991)
2023-12-17 14:34:01 - o.s.w.c.s.GenericWebApplicationContext - Closing org.springframework.web.context.support.GenericWebApplicationContext@5aabbb29, started on Sun Dec 17 14:33:59 CET 2023
2023-12-17 14:39:16 - c.f.c.CheckfinancialApplication - Starting CheckfinancialApplication using Java 17.0.3.1 with PID 14028 (/home/kalpa/Scrivania/Uni.DocumentiMiei/fabric/checkfinancial/target/classes started by kalpa in /home/kalpa/Scrivania/Uni.DocumentiMiei/fabric/checkfinancial)
2023-12-17 14:39:16 - c.f.c.CheckfinancialApplication - Running with Spring Boot v3.2.0, Spring v6.1.1
2023-12-17 14:39:16 - c.f.c.CheckfinancialApplication - No active profile set, falling back to 1 default profile: "default"
2023-12-17 14:39:17 - o.s.w.s.m.m.a.RequestMappingHandlerMapping - 3 mappings in 'requestMappingHandlerMapping'
2023-12-17 14:39:17 - o.s.w.s.h.SimpleUrlHandlerMapping - Patterns [/webjars/**, /**] in 'resourceHandlerMapping'
2023-12-17 14:39:17 - o.s.w.s.m.m.a.RequestMappingHandlerAdapter - ControllerAdvice beans: 0 @ModelAttribute, 0 @InitBinder, 1 RequestBodyAdvice, 1 ResponseBodyAdvice
2023-12-17 14:39:17 - o.s.w.s.m.m.a.ExceptionHandlerExceptionResolver - ControllerAdvice beans: 0 @ExceptionHandler, 1 ResponseBodyAdvice
2023-12-17 14:39:18 - c.f.c.CheckfinancialApplication - Started CheckfinancialApplication in 2.381 seconds (process running for 2.746)
2023-12-17 14:39:36 - o.s.web.servlet.DispatcherServlet - Initializing Servlet 'dispatcherServlet'
2023-12-17 14:39:36 - o.s.web.servlet.DispatcherServlet - Detected StandardServletMultipartResolver
2023-12-17 14:39:36 - o.s.web.servlet.DispatcherServlet - Detected AcceptHeaderLocaleResolver
2023-12-17 14:39:36 - o.s.web.servlet.DispatcherServlet - Detected FixedThemeResolver
2023-12-17 14:39:36 - o.s.web.servlet.DispatcherServlet - Detected org.springframework.web.servlet.view.DefaultRequestToViewNameTranslator@61d1dadb
2023-12-17 14:39:36 - o.s.web.servlet.DispatcherServlet - Detected org.springframework.web.servlet.support.SessionFlashMapManager@3a9f30bc
2023-12-17 14:39:36 - o.s.web.servlet.DispatcherServlet - enableLoggingRequestDetails='false': request parameters and headers will be masked to prevent unsafe logging of potentially sensitive data
2023-12-17 14:39:36 - o.s.web.servlet.DispatcherServlet - Completed initialization in 1 ms
2023-12-17 14:39:36 - o.s.w.s.h.HandlerMappingIntrospector - Cache miss for REQUEST dispatch to '/hello' (previous null). Performing CorsConfiguration lookup. This is logged once only at WARN level, and every time at TRACE.
2023-12-17 14:42:29 - c.f.c.CheckfinancialApplication - Starting CheckfinancialApplication using Java 17.0.3.1 with PID 14734 (/home/kalpa/Scrivania/Uni.DocumentiMiei/fabric/checkfinancial/target/classes started by kalpa in /home/kalpa/Scrivania/Uni.DocumentiMiei/fabric/checkfinancial)
2023-12-17 14:42:29 - c.f.c.CheckfinancialApplication - Running with Spring Boot v3.2.0, Spring v6.1.1
2023-12-17 14:42:29 - c.f.c.CheckfinancialApplication - No active profile set, falling back to 1 default profile: "default"
2023-12-17 14:42:30 - o.s.w.s.m.m.a.RequestMappingHandlerMapping - 3 mappings in 'requestMappingHandlerMapping'
2023-12-17 14:42:30 - o.s.w.s.h.SimpleUrlHandlerMapping - Patterns [/webjars/**, /**] in 'resourceHandlerMapping'
2023-12-17 14:42:30 - o.s.w.s.m.m.a.RequestMappingHandlerAdapter - ControllerAdvice beans: 0 @ModelAttribute, 0 @InitBinder, 1 RequestBodyAdvice, 1 ResponseBodyAdvice
2023-12-17 14:42:30 - o.s.w.s.m.m.a.ExceptionHandlerExceptionResolver - ControllerAdvice beans: 0 @ExceptionHandler, 1 ResponseBodyAdvice
2023-12-17 14:42:30 - c.f.c.CheckfinancialApplication - Started CheckfinancialApplication in 1.604 seconds (process running for 1.866)
2023-12-17 14:43:27 - o.s.web.servlet.DispatcherServlet - Initializing Servlet 'dispatcherServlet'
2023-12-17 14:43:27 - o.s.web.servlet.DispatcherServlet - Detected StandardServletMultipartResolver
2023-12-17 14:43:27 - o.s.web.servlet.DispatcherServlet - Detected AcceptHeaderLocaleResolver
2023-12-17 14:43:27 - o.s.web.servlet.DispatcherServlet - Detected FixedThemeResolver
2023-12-17 14:43:27 - o.s.web.servlet.DispatcherServlet - Detected org.springframework.web.servlet.view.DefaultRequestToViewNameTranslator@7b983ea6
2023-12-17 14:43:27 - o.s.web.servlet.DispatcherServlet - Detected org.springframework.web.servlet.support.SessionFlashMapManager@c9a7e63
2023-12-17 14:43:27 - o.s.web.servlet.DispatcherServlet - enableLoggingRequestDetails='false': request parameters and headers will be masked to prevent unsafe logging of potentially sensitive data
2023-12-17 14:43:27 - o.s.web.servlet.DispatcherServlet - Completed initialization in 1 ms
2023-12-17 14:43:27 - o.s.web.servlet.DispatcherServlet - GET "/login", parameters={}
2023-12-17 14:43:27 - o.s.w.s.h.SimpleUrlHandlerMapping - Mapped to ResourceHttpRequestHandler [classpath [META-INF/resources/], classpath [resources/], classpath [static/], classpath [public/], ServletContext [/]]
2023-12-17 14:43:27 - o.s.w.s.r.ResourceHttpRequestHandler - Resource not found
2023-12-17 14:43:27 - o.s.w.s.m.s.DefaultHandlerExceptionResolver - Resolved [org.springframework.web.servlet.resource.NoResourceFoundException: No static resource login.]
2023-12-17 14:43:27 - o.s.web.servlet.DispatcherServlet - Completed 404 NOT_FOUND
2023-12-17 14:43:27 - o.s.web.servlet.DispatcherServlet - "ERROR" dispatch for GET "/error", parameters={}
2023-12-17 14:43:27 - o.s.w.s.m.m.a.RequestMappingHandlerMapping - Mapped to org.springframework.boot.autoconfigure.web.servlet.error.BasicErrorController#errorHtml(HttpServletRequest, HttpServletResponse)
2023-12-17 14:43:27 - o.s.w.s.v.ContentNegotiatingViewResolver - Selected 'text/html' given [text/html, text/html;q=0.8]
2023-12-17 14:43:27 - o.s.web.servlet.DispatcherServlet - Exiting from "ERROR" dispatch, status 404
2023-12-17 14:43:27 - o.s.web.servlet.DispatcherServlet - GET "/favicon.ico", parameters={}
2023-12-17 14:43:27 - o.s.w.s.h.SimpleUrlHandlerMapping - Mapped to ResourceHttpRequestHandler [classpath [META-INF/resources/], classpath [resources/], classpath [static/], classpath [public/], ServletContext [/]]
2023-12-17 14:43:27 - o.s.w.s.r.ResourceHttpRequestHandler - Resource not found
2023-12-17 14:43:27 - o.s.w.s.m.s.DefaultHandlerExceptionResolver - Resolved [org.springframework.web.servlet.resource.NoResourceFoundException: No static resource favicon.ico.]
2023-12-17 14:43:27 - o.s.web.servlet.DispatcherServlet - Completed 404 NOT_FOUND
2023-12-17 14:43:27 - o.s.web.servlet.DispatcherServlet - "ERROR" dispatch for GET "/error", parameters={}
2023-12-17 14:43:27 - o.s.w.s.m.m.a.RequestMappingHandlerMapping - Mapped to org.springframework.boot.autoconfigure.web.servlet.error.BasicErrorController#error(HttpServletRequest)
2023-12-17 14:43:27 - o.s.w.s.m.m.a.HttpEntityMethodProcessor - Using 'application/json;q=0.8', given [image/avif, image/webp, image/apng, image/svg+xml, image/*, */*;q=0.8] and supported [application/json, application/*+json]
2023-12-17 14:43:27 - o.s.w.s.m.m.a.HttpEntityMethodProcessor - Writing [{timestamp=Sun Dec 17 14:43:27 CET 2023, status=404, error=Not Found, path=/favicon.ico}]
2023-12-17 14:43:27 - o.s.web.servlet.DispatcherServlet - Exiting from "ERROR" dispatch, status 404
2023-12-17 14:43:34 - o.s.web.servlet.DispatcherServlet - GET "/", parameters={}
2023-12-17 14:43:34 - o.s.w.s.h.SimpleUrlHandlerMapping - Mapped to ResourceHttpRequestHandler [classpath [META-INF/resources/], classpath [resources/], classpath [static/], classpath [public/], ServletContext [/]]
2023-12-17 14:43:34 - o.s.w.s.r.ResourceHttpRequestHandler - Resource not found
2023-12-17 14:43:34 - o.s.w.s.m.s.DefaultHandlerExceptionResolver - Resolved [org.springframework.web.servlet.resource.NoResourceFoundException: No static resource .]
2023-12-17 14:43:34 - o.s.web.servlet.DispatcherServlet - Completed 404 NOT_FOUND
2023-12-17 14:43:34 - o.s.web.servlet.DispatcherServlet - "ERROR" dispatch for GET "/error", parameters={}
2023-12-17 14:43:34 - o.s.w.s.m.m.a.RequestMappingHandlerMapping - Mapped to org.springframework.boot.autoconfigure.web.servlet.error.BasicErrorController#errorHtml(HttpServletRequest, HttpServletResponse)
2023-12-17 14:43:34 - o.s.w.s.v.ContentNegotiatingViewResolver - Selected 'text/html' given [text/html, text/html;q=0.8]
2023-12-17 14:43:34 - o.s.web.servlet.DispatcherServlet - Exiting from "ERROR" dispatch, status 404
2023-12-17 14:44:07 - c.f.c.CheckfinancialApplicationTests - Starting CheckfinancialApplicationTests using Java 17.0.3.1 with PID 15009 (started by kalpa in /home/kalpa/Scrivania/Uni.DocumentiMiei/fabric/checkfinancial)
2023-12-17 14:44:07 - c.f.c.CheckfinancialApplicationTests - Running with Spring Boot v3.2.0, Spring v6.1.1
2023-12-17 14:44:07 - c.f.c.CheckfinancialApplicationTests - No active profile set, falling back to 1 default profile: "default"
2023-12-17 14:44:07 - o.s.w.c.s.GenericWebApplicationContext - Refreshing org.springframework.web.context.support.GenericWebApplicationContext@5fe8b721
2023-12-17 14:44:08 - o.s.w.s.m.m.a.RequestMappingHandlerMapping - 3 mappings in 'requestMappingHandlerMapping'
2023-12-17 14:44:08 - o.s.w.s.h.SimpleUrlHandlerMapping - Patterns [/webjars/**, /**] in 'resourceHandlerMapping'
2023-12-17 14:44:08 - o.s.w.s.m.m.a.RequestMappingHandlerAdapter - ControllerAdvice beans: 0 @ModelAttribute, 0 @InitBinder, 1 RequestBodyAdvice, 1 ResponseBodyAdvice
2023-12-17 14:44:08 - o.s.w.s.m.m.a.ExceptionHandlerExceptionResolver - ControllerAdvice beans: 0 @ExceptionHandler, 1 ResponseBodyAdvice
2023-12-17 14:44:08 - c.f.c.CheckfinancialApplicationTests - Started CheckfinancialApplicationTests in 1.472 seconds (process running for 2.383)
2023-12-17 14:44:09 - o.s.w.c.s.GenericWebApplicationContext - Closing org.springframework.web.context.support.GenericWebApplicationContext@5fe8b721, started on Sun Dec 17 14:44:07 CET 2023
2023-12-17 14:44:30 - c.f.c.CheckfinancialApplicationTests - Starting CheckfinancialApplicationTests using Java 17.0.3.1 with PID 15202 (started by kalpa in /home/kalpa/Scrivania/Uni.DocumentiMiei/fabric/checkfinancial)
2023-12-17 14:44:30 - c.f.c.CheckfinancialApplicationTests - Running with Spring Boot v3.2.0, Spring v6.1.1
2023-12-17 14:44:30 - c.f.c.CheckfinancialApplicationTests - No active profile set, falling back to 1 default profile: "default"
2023-12-17 14:44:30 - o.s.w.c.s.GenericWebApplicationContext - Refreshing org.springframework.web.context.support.GenericWebApplicationContext@5fe8b721
2023-12-17 14:44:31 - o.s.w.s.m.m.a.RequestMappingHandlerMapping - 3 mappings in 'requestMappingHandlerMapping'
2023-12-17 14:44:31 - o.s.w.s.h.SimpleUrlHandlerMapping - Patterns [/webjars/**, /**] in 'resourceHandlerMapping'
2023-12-17 14:44:31 - o.s.w.s.m.m.a.RequestMappingHandlerAdapter - ControllerAdvice beans: 0 @ModelAttribute, 0 @InitBinder, 1 RequestBodyAdvice, 1 ResponseBodyAdvice
2023-12-17 14:44:31 - o.s.w.s.m.m.a.ExceptionHandlerExceptionResolver - ControllerAdvice beans: 0 @ExceptionHandler, 1 ResponseBodyAdvice
2023-12-17 14:44:31 - c.f.c.CheckfinancialApplicationTests - Started CheckfinancialApplicationTests in 1.563 seconds (process running for 2.589)
2023-12-17 14:44:32 - o.s.w.c.s.GenericWebApplicationContext - Closing org.springframework.web.context.support.GenericWebApplicationContext@5fe8b721, started on Sun Dec 17 14:44:30 CET 2023
2023-12-17 14:44:46 - c.f.c.CheckfinancialApplication - Starting CheckfinancialApplication using Java 17.0.3.1 with PID 15327 (/home/kalpa/Scrivania/Uni.DocumentiMiei/fabric/checkfinancial/target/classes started by kalpa in /home/kalpa/Scrivania/Uni.DocumentiMiei/fabric/checkfinancial)
2023-12-17 14:44:46 - c.f.c.CheckfinancialApplication - Running with Spring Boot v3.2.0, Spring v6.1.1
2023-12-17 14:44:46 - c.f.c.CheckfinancialApplication - No active profile set, falling back to 1 default profile: "default"
2023-12-17 14:44:47 - o.s.w.s.m.m.a.RequestMappingHandlerMapping - 3 mappings in 'requestMappingHandlerMapping'
2023-12-17 14:44:47 - o.s.w.s.h.SimpleUrlHandlerMapping - Patterns [/webjars/**, /**] in 'resourceHandlerMapping'
2023-12-17 14:44:47 - o.s.w.s.m.m.a.RequestMappingHandlerAdapter - ControllerAdvice beans: 0 @ModelAttribute, 0 @InitBinder, 1 RequestBodyAdvice, 1 ResponseBodyAdvice
2023-12-17 14:44:47 - o.s.w.s.m.m.a.ExceptionHandlerExceptionResolver - ControllerAdvice beans: 0 @ExceptionHandler, 1 ResponseBodyAdvice
2023-12-17 14:44:47 - c.f.c.CheckfinancialApplication - Started CheckfinancialApplication in 1.353 seconds (process running for 1.554)
2023-12-17 14:45:18 - o.s.web.servlet.DispatcherServlet - Initializing Servlet 'dispatcherServlet'
2023-12-17 14:45:18 - o.s.web.servlet.DispatcherServlet - Detected StandardServletMultipartResolver
2023-12-17 14:45:18 - o.s.web.servlet.DispatcherServlet - Detected AcceptHeaderLocaleResolver
2023-12-17 14:45:18 - o.s.web.servlet.DispatcherServlet - Detected FixedThemeResolver
2023-12-17 14:45:18 - o.s.web.servlet.DispatcherServlet - Detected org.springframework.web.servlet.view.DefaultRequestToViewNameTranslator@5dd9e23
2023-12-17 14:45:18 - o.s.web.servlet.DispatcherServlet - Detected org.springframework.web.servlet.support.SessionFlashMapManager@7f4528f6
2023-12-17 14:45:18 - o.s.web.servlet.DispatcherServlet - enableLoggingRequestDetails='false': request parameters and headers will be masked to prevent unsafe logging of potentially sensitive data
2023-12-17 14:45:18 - o.s.web.servlet.DispatcherServlet - Completed initialization in 2 ms
2023-12-17 14:45:18 - o.s.web.servlet.DispatcherServlet - GET "/", parameters={}
2023-12-17 14:45:18 - o.s.w.s.h.SimpleUrlHandlerMapping - Mapped to ResourceHttpRequestHandler [classpath [META-INF/resources/], classpath [resources/], classpath [static/], classpath [public/], ServletContext [/]]
2023-12-17 14:45:18 - o.s.w.s.r.ResourceHttpRequestHandler - Resource not found
2023-12-17 14:45:18 - o.s.w.s.m.s.DefaultHandlerExceptionResolver - Resolved [org.springframework.web.servlet.resource.NoResourceFoundException: No static resource .]
2023-12-17 14:45:18 - o.s.web.servlet.DispatcherServlet - Completed 404 NOT_FOUND
2023-12-17 14:45:18 - o.s.web.servlet.DispatcherServlet - "ERROR" dispatch for GET "/error", parameters={}
2023-12-17 14:45:18 - o.s.w.s.m.m.a.RequestMappingHandlerMapping - Mapped to org.springframework.boot.autoconfigure.web.servlet.error.BasicErrorController#errorHtml(HttpServletRequest, HttpServletResponse)
2023-12-17 14:45:18 - o.s.w.s.v.ContentNegotiatingViewResolver - Selected 'text/html' given [text/html, text/html;q=0.8]
2023-12-17 14:45:18 - o.s.web.servlet.DispatcherServlet - Exiting from "ERROR" dispatch, status 404
2023-12-17 14:45:22 - o.s.web.servlet.DispatcherServlet - GET "/hello", parameters={}
2023-12-17 14:45:22 - o.s.w.s.m.m.a.RequestMappingHandlerMapping - Mapped to com.fabric.checkfinancial.rest.CheckfinancialRest#getHello()
2023-12-17 14:45:22 - c.f.c.rest.CheckfinancialRest - Getting hello with MESSAGE(HelloDto(message=Hello Fabric !)).
2023-12-17 14:45:22 - o.s.w.s.m.m.a.RequestResponseBodyMethodProcessor - Using 'application/json;q=0.8', given [text/html, application/xhtml+xml, image/avif, image/webp, image/apng, application/xml;q=0.9, application/signed-exchange;v=b3;q=0.9, */*;q=0.8] and supported [application/json]
2023-12-17 14:45:22 - o.s.w.s.m.m.a.RequestResponseBodyMethodProcessor - Writing [HelloDto(message=Hello Fabric !)]
2023-12-17 14:45:22 - o.s.web.servlet.DispatcherServlet - Completed 200 OK
2023-12-17 14:48:04 - c.f.c.CheckfinancialApplicationTests - Starting CheckfinancialApplicationTests using Java 17.0.3.1 with PID 15928 (started by kalpa in /home/kalpa/Scrivania/Uni.DocumentiMiei/fabric/checkfinancial)
2023-12-17 14:48:04 - c.f.c.CheckfinancialApplicationTests - Running with Spring Boot v3.2.0, Spring v6.1.1
2023-12-17 14:48:04 - c.f.c.CheckfinancialApplicationTests - No active profile set, falling back to 1 default profile: "default"
2023-12-17 14:48:05 - o.s.w.c.s.GenericWebApplicationContext - Refreshing org.springframework.web.context.support.GenericWebApplicationContext@5398edd0
2023-12-17 14:48:06 - o.s.w.s.m.m.a.RequestMappingHandlerMapping - 3 mappings in 'requestMappingHandlerMapping'
2023-12-17 14:48:06 - o.s.w.s.h.SimpleUrlHandlerMapping - Patterns [/webjars/**, /**] in 'resourceHandlerMapping'
2023-12-17 14:48:06 - o.s.w.s.m.m.a.RequestMappingHandlerAdapter - ControllerAdvice beans: 0 @ModelAttribute, 0 @InitBinder, 1 RequestBodyAdvice, 1 ResponseBodyAdvice
2023-12-17 14:48:06 - o.s.w.s.m.m.a.ExceptionHandlerExceptionResolver - ControllerAdvice beans: 0 @ExceptionHandler, 1 ResponseBodyAdvice
2023-12-17 14:48:06 - c.f.c.CheckfinancialApplicationTests - Started CheckfinancialApplicationTests in 1.49 seconds (process running for 2.353)
2023-12-17 14:48:06 - o.s.w.c.s.GenericWebApplicationContext - Closing org.springframework.web.context.support.GenericWebApplicationContext@5398edd0, started on Sun Dec 17 14:48:05 CET 2023
2023-12-17 14:48:27 - c.f.c.CheckfinancialApplication - Starting CheckfinancialApplication using Java 17.0.3.1 with PID 16059 (/home/kalpa/Scrivania/Uni.DocumentiMiei/fabric/checkfinancial/target/classes started by kalpa in /home/kalpa/Scrivania/Uni.DocumentiMiei/fabric/checkfinancial)
2023-12-17 14:48:27 - c.f.c.CheckfinancialApplication - Running with Spring Boot v3.2.0, Spring v6.1.1
2023-12-17 14:48:27 - c.f.c.CheckfinancialApplication - No active profile set, falling back to 1 default profile: "default"
2023-12-17 14:48:28 - o.s.w.s.m.m.a.RequestMappingHandlerMapping - 3 mappings in 'requestMappingHandlerMapping'
2023-12-17 14:48:28 - o.s.w.s.h.SimpleUrlHandlerMapping - Patterns [/webjars/**, /**] in 'resourceHandlerMapping'
2023-12-17 14:48:28 - o.s.w.s.m.m.a.RequestMappingHandlerAdapter - ControllerAdvice beans: 0 @ModelAttribute, 0 @InitBinder, 1 RequestBodyAdvice, 1 ResponseBodyAdvice
2023-12-17 14:48:28 - o.s.w.s.m.m.a.ExceptionHandlerExceptionResolver - ControllerAdvice beans: 0 @ExceptionHandler, 1 ResponseBodyAdvice
2023-12-17 14:48:28 - c.f.c.CheckfinancialApplication - Started CheckfinancialApplication in 1.315 seconds (process running for 1.512)
2023-12-17 14:48:32 - o.s.web.servlet.DispatcherServlet - Initializing Servlet 'dispatcherServlet'
2023-12-17 14:48:32 - o.s.web.servlet.DispatcherServlet - Detected StandardServletMultipartResolver
2023-12-17 14:48:32 - o.s.web.servlet.DispatcherServlet - Detected AcceptHeaderLocaleResolver
2023-12-17 14:48:32 - o.s.web.servlet.DispatcherServlet - Detected FixedThemeResolver
2023-12-17 14:48:32 - o.s.web.servlet.DispatcherServlet - Detected org.springframework.web.servlet.view.DefaultRequestToViewNameTranslator@67a41300
2023-12-17 14:48:32 - o.s.web.servlet.DispatcherServlet - Detected org.springframework.web.servlet.support.SessionFlashMapManager@4af8bbab
2023-12-17 14:48:32 - o.s.web.servlet.DispatcherServlet - enableLoggingRequestDetails='false': request parameters and headers will be masked to prevent unsafe logging of potentially sensitive data
2023-12-17 14:48:32 - o.s.web.servlet.DispatcherServlet - Completed initialization in 5 ms
2023-12-17 14:48:32 - o.s.web.servlet.DispatcherServlet - GET "/hello", parameters={}
2023-12-17 14:48:32 - o.s.w.s.m.m.a.RequestMappingHandlerMapping - Mapped to com.fabric.checkfinancial.rest.CheckfinancialRest#getHello()
2023-12-17 14:48:32 - c.f.c.rest.CheckfinancialRest - Getting hello with MESSAGE(HelloDto(message=Hello Fabric !)).
2023-12-17 14:48:32 - o.s.w.s.m.m.a.RequestResponseBodyMethodProcessor - Using 'application/json;q=0.8', given [text/html, application/xhtml+xml, image/avif, image/webp, image/apng, application/xml;q=0.9, application/signed-exchange;v=b3;q=0.9, */*;q=0.8] and supported [application/json]
2023-12-17 14:48:32 - o.s.w.s.m.m.a.RequestResponseBodyMethodProcessor - Writing [HelloDto(message=Hello Fabric !)]
2023-12-17 14:48:32 - o.s.web.servlet.DispatcherServlet - Completed 200 OK
